2025-07-14 17:53:08,474 - chat_server - INFO - 启动 ChatApp API 服务器...
2025-07-14 17:53:09,177 - chat_server - INFO - 正在初始化聊天服务...
2025-07-14 17:53:09,690 - chat_server - INFO - ChatTongyi 模型初始化成功
2025-07-14 17:53:09,691 - chat_server - INFO - 工具初始化成功，共加载 16 个工具
2025-07-14 17:53:09,691 - chat_server - INFO - 聊天服务初始化完成
2025-07-14 17:56:45,472 - chat_server - INFO - 聊天服务正在关闭...
2025-07-14 17:56:46,359 - chat_server - INFO - 正在初始化聊天服务...
2025-07-14 17:56:46,533 - chat_server - INFO - ChatTongyi 模型初始化成功
2025-07-14 17:56:46,533 - chat_server - INFO - 工具初始化成功，共加载 16 个工具
2025-07-14 17:56:46,533 - chat_server - INFO - 聊天服务初始化完成
2025-07-14 17:56:49,265 - chat_server - INFO - 聊天服务正在关闭...
2025-07-14 17:56:51,331 - chat_server - INFO - 启动 ChatApp API 服务器...
2025-07-14 17:56:51,883 - chat_server - INFO - 正在初始化聊天服务...
2025-07-14 17:56:52,020 - chat_server - INFO - ChatTongyi 模型初始化成功
2025-07-14 17:56:52,020 - chat_server - INFO - 工具初始化成功，共加载 16 个工具
2025-07-14 17:56:52,020 - chat_server - INFO - 聊天服务初始化完成
2025-07-14 17:59:02,343 - chat_server - INFO - 聊天服务正在关闭...
2025-07-14 17:59:03,549 - chat_server - INFO - 正在初始化聊天服务...
2025-07-14 17:59:03,735 - chat_server - INFO - ChatTongyi 模型初始化成功
2025-07-14 17:59:03,735 - chat_server - INFO - 工具初始化成功，共加载 16 个工具
2025-07-14 17:59:03,735 - chat_server - INFO - 聊天服务初始化完成
2025-07-14 17:59:07,575 - chat_server - INFO - 聊天服务正在关闭...
2025-07-14 17:59:09,683 - chat_server - INFO - 启动 ChatApp API 服务器...
2025-07-14 17:59:10,325 - chat_server - INFO - 正在初始化聊天服务...
2025-07-14 17:59:10,491 - chat_server - INFO - ChatTongyi 模型初始化成功
2025-07-14 17:59:10,491 - chat_server - INFO - 工具初始化成功，共加载 16 个工具
2025-07-14 17:59:10,491 - chat_server - INFO - 聊天服务初始化完成
2025-07-14 17:59:35,358 - chat_server - INFO - [req_4349991472] 收到聊天请求，消息数: 1
2025-07-14 17:59:35,358 - chat_server - INFO - [req_4349991472] 启用流式响应
2025-07-14 17:59:35,359 - chat_server - INFO - [req_4349991472] 开始流式响应处理
2025-07-14 17:59:35,406 - chat_server - INFO - [req_4349991472] 第 1 轮对话
2025-07-14 17:59:39,419 - chat_server - INFO - [req_4349991472] 生成最终回答
2025-07-14 18:00:06,710 - chat_server - INFO - [req_4349884784] 收到聊天请求，消息数: 3
2025-07-14 18:00:06,711 - chat_server - INFO - [req_4349884784] 启用流式响应
2025-07-14 18:00:06,712 - chat_server - INFO - [req_4349884784] 开始流式响应处理
2025-07-14 18:00:06,753 - chat_server - INFO - [req_4349884784] 第 1 轮对话
2025-07-14 18:00:08,699 - chat_server - INFO - [req_4349884784] 生成最终回答
2025-07-14 18:00:44,363 - chat_server - INFO - [req_4376226496] 收到聊天请求，消息数: 5
2025-07-14 18:00:44,365 - chat_server - INFO - [req_4376226496] 启用流式响应
2025-07-14 18:00:44,366 - chat_server - INFO - [req_4376226496] 开始流式响应处理
2025-07-14 18:00:44,400 - chat_server - INFO - [req_4376226496] 第 1 轮对话
2025-07-14 18:00:45,276 - chat_server - INFO - [req_4376226496] 检测到 1 个工具调用
2025-07-14 18:00:47,831 - chat_server - INFO - [req_4376226496] 第 2 轮对话
2025-07-14 18:00:50,077 - chat_server - INFO - [req_4376226496] 生成最终回答
2025-07-14 18:05:13,728 - chat_server - INFO - 聊天服务正在关闭...
2025-07-14 18:06:26,435 - chat_server - INFO - 启动 ChatApp API 服务器...
2025-07-14 18:06:27,061 - chat_server - INFO - 正在初始化聊天服务...
2025-07-14 18:06:27,297 - chat_server - INFO - ChatTongyi 模型初始化成功
2025-07-14 18:06:27,297 - chat_server - INFO - 工具初始化成功，共加载 16 个工具
2025-07-14 18:06:27,297 - chat_server - INFO - 聊天服务初始化完成
2025-07-14 18:06:48,064 - chat_server - INFO - [req_4413324352] 收到聊天请求，会话ID: None
2025-07-14 18:06:48,070 - chat_server - INFO - [req_4413324352] 创建新会话: f5daa75a-49d8-4667-89cc-f8675e3606de
2025-07-14 18:06:48,071 - chat_server - INFO - [req_4413324352] 启用流式响应
2025-07-14 18:06:48,072 - chat_server - INFO - [req_4413324352] 开始流式响应处理
2025-07-14 18:06:48,111 - chat_server - INFO - [req_4413324352] 第 1 轮对话
2025-07-14 18:06:49,553 - chat_server - INFO - [req_4413324352] 生成最终回答
2025-07-14 18:07:03,821 - chat_server - INFO - [req_4415346848] 收到聊天请求，会话ID: f5daa75a-49d8-4667-89cc-f8675e3606de
2025-07-14 18:07:03,823 - chat_server - INFO - [req_4415346848] 启用流式响应
2025-07-14 18:07:03,824 - chat_server - INFO - [req_4415346848] 开始流式响应处理
2025-07-14 18:07:03,857 - chat_server - INFO - [req_4415346848] 第 1 轮对话
2025-07-14 18:07:05,019 - chat_server - INFO - [req_4415346848] 生成最终回答
2025-07-14 18:07:13,248 - chat_server - INFO - [req_4439551696] 收到聊天请求，会话ID: f5daa75a-49d8-4667-89cc-f8675e3606de
2025-07-14 18:07:13,252 - chat_server - INFO - [req_4439551696] 启用流式响应
2025-07-14 18:07:13,252 - chat_server - INFO - [req_4439551696] 开始流式响应处理
2025-07-14 18:07:13,275 - chat_server - INFO - [req_4439551696] 第 1 轮对话
2025-07-14 18:07:14,462 - chat_server - INFO - [req_4439551696] 生成最终回答
